-----------------------------------
Circuit Name: 700
Number of Nodes: 849
Max level : 9, 
Reconvergent nodes: 102/849 = 0.12014134275618374
Reconvergent area: 554/849 = 0.6525323910482921
-----------------------------------

-----------------------------------
Circuit Name: 701
Number of Nodes: 837
Max level : 9, 
Reconvergent nodes: 97/837 = 0.11589008363201912
Reconvergent area: 565/837 = 0.6750298685782556
-----------------------------------

-----------------------------------
Circuit Name: 702
Number of Nodes: 974
Max level : 12, 
Reconvergent nodes: 107/974 = 0.10985626283367557
Reconvergent area: 616/974 = 0.6324435318275154
-----------------------------------

-----------------------------------
Circuit Name: 703
Number of Nodes: 818
Max level : 9, 
Reconvergent nodes: 86/818 = 0.10513447432762836
Reconvergent area: 499/818 = 0.6100244498777506
-----------------------------------

-----------------------------------
Circuit Name: 704
Number of Nodes: 937
Max level : 11, 
Reconvergent nodes: 124/937 = 0.13233724653148346
Reconvergent area: 609/937 = 0.6499466382070438
-----------------------------------

-----------------------------------
Circuit Name: 705
Number of Nodes: 945
Max level : 10, 
Reconvergent nodes: 118/945 = 0.12486772486772486
Reconvergent area: 652/945 = 0.68994708994709
-----------------------------------

-----------------------------------
Circuit Name: 706
Number of Nodes: 842
Max level : 11, 
Reconvergent nodes: 97/842 = 0.11520190023752969
Reconvergent area: 512/842 = 0.6080760095011877
-----------------------------------

-----------------------------------
Circuit Name: 707
Number of Nodes: 941
Max level : 9, 
Reconvergent nodes: 120/941 = 0.1275239107332625
Reconvergent area: 643/941 = 0.6833156216790648
-----------------------------------

-----------------------------------
Circuit Name: 708
Number of Nodes: 797
Max level : 9, 
Reconvergent nodes: 90/797 = 0.11292346298619825
Reconvergent area: 527/797 = 0.6612296110414053
-----------------------------------

-----------------------------------
Circuit Name: 709
Number of Nodes: 852
Max level : 9, 
Reconvergent nodes: 90/852 = 0.1056338028169014
Reconvergent area: 528/852 = 0.6197183098591549
-----------------------------------

-----------------------------------
Circuit Name: 710
Number of Nodes: 930
Max level : 10, 
Reconvergent nodes: 124/930 = 0.13333333333333333
Reconvergent area: 618/930 = 0.6645161290322581
-----------------------------------

-----------------------------------
Circuit Name: 711
Number of Nodes: 935
Max level : 11, 
Reconvergent nodes: 135/935 = 0.1443850267379679
Reconvergent area: 650/935 = 0.6951871657754011
-----------------------------------

-----------------------------------
Circuit Name: 712
Number of Nodes: 838
Max level : 9, 
Reconvergent nodes: 107/838 = 0.1276849642004773
Reconvergent area: 560/838 = 0.6682577565632458
-----------------------------------

-----------------------------------
Circuit Name: 713
Number of Nodes: 961
Max level : 9, 
Reconvergent nodes: 114/961 = 0.1186264308012487
Reconvergent area: 590/961 = 0.6139438085327783
-----------------------------------

-----------------------------------
Circuit Name: 714
Number of Nodes: 949
Max level : 9, 
Reconvergent nodes: 109/949 = 0.1148577449947313
Reconvergent area: 583/949 = 0.6143308746048473
-----------------------------------

-----------------------------------
Circuit Name: 715
Number of Nodes: 974
Max level : 9, 
Reconvergent nodes: 116/974 = 0.11909650924024641
Reconvergent area: 628/974 = 0.6447638603696099
-----------------------------------

-----------------------------------
Circuit Name: 716
Number of Nodes: 885
Max level : 9, 
Reconvergent nodes: 94/885 = 0.10621468926553672
Reconvergent area: 551/885 = 0.6225988700564972
-----------------------------------

-----------------------------------
Circuit Name: 717
Number of Nodes: 896
Max level : 12, 
Reconvergent nodes: 128/896 = 0.14285714285714285
Reconvergent area: 585/896 = 0.6529017857142857
-----------------------------------

-----------------------------------
Circuit Name: 718
Number of Nodes: 783
Max level : 9, 
Reconvergent nodes: 100/783 = 0.1277139208173691
Reconvergent area: 534/783 = 0.6819923371647509
-----------------------------------

-----------------------------------
Circuit Name: 719
Number of Nodes: 982
Max level : 10, 
Reconvergent nodes: 116/982 = 0.11812627291242363
Reconvergent area: 643/982 = 0.654786150712831
-----------------------------------

-----------------------------------
Circuit Name: 720
Number of Nodes: 937
Max level : 9, 
Reconvergent nodes: 127/937 = 0.13553895410885805
Reconvergent area: 616/937 = 0.6574172892209178
-----------------------------------

-----------------------------------
Circuit Name: 721
Number of Nodes: 921
Max level : 9, 
Reconvergent nodes: 113/921 = 0.12269272529858849
Reconvergent area: 580/921 = 0.6297502714440825
-----------------------------------

-----------------------------------
Circuit Name: 722
Number of Nodes: 929
Max level : 11, 
Reconvergent nodes: 169/929 = 0.18191603875134554
Reconvergent area: 701/929 = 0.7545748116254036
-----------------------------------

-----------------------------------
Circuit Name: 723
Number of Nodes: 992
Max level : 10, 
Reconvergent nodes: 143/992 = 0.14415322580645162
Reconvergent area: 730/992 = 0.7358870967741935
-----------------------------------

-----------------------------------
Circuit Name: 724
Number of Nodes: 993
Max level : 11, 
Reconvergent nodes: 125/993 = 0.12588116817724068
Reconvergent area: 640/993 = 0.6445115810674723
-----------------------------------

-----------------------------------
Circuit Name: 725
Number of Nodes: 808
Max level : 9, 
Reconvergent nodes: 92/808 = 0.11386138613861387
Reconvergent area: 499/808 = 0.6175742574257426
-----------------------------------

-----------------------------------
Circuit Name: 726
Number of Nodes: 955
Max level : 11, 
Reconvergent nodes: 141/955 = 0.14764397905759163
Reconvergent area: 699/955 = 0.7319371727748691
-----------------------------------

-----------------------------------
Circuit Name: 727
Number of Nodes: 940
Max level : 9, 
Reconvergent nodes: 120/940 = 0.1276595744680851
Reconvergent area: 651/940 = 0.6925531914893617
-----------------------------------

-----------------------------------
Circuit Name: 728
Number of Nodes: 921
Max level : 11, 
Reconvergent nodes: 106/921 = 0.11509229098805646
Reconvergent area: 569/921 = 0.6178067318132465
-----------------------------------

-----------------------------------
Circuit Name: 729
Number of Nodes: 894
Max level : 9, 
Reconvergent nodes: 93/894 = 0.1040268456375839
Reconvergent area: 556/894 = 0.6219239373601789
-----------------------------------

-----------------------------------
Circuit Name: 730
Number of Nodes: 852
Max level : 9, 
Reconvergent nodes: 102/852 = 0.11971830985915492
Reconvergent area: 557/852 = 0.653755868544601
-----------------------------------

-----------------------------------
Circuit Name: 731
Number of Nodes: 886
Max level : 10, 
Reconvergent nodes: 106/886 = 0.11963882618510158
Reconvergent area: 580/886 = 0.654627539503386
-----------------------------------

-----------------------------------
Circuit Name: 732
Number of Nodes: 678
Max level : 9, 
Reconvergent nodes: 79/678 = 0.11651917404129794
Reconvergent area: 419/678 = 0.6179941002949852
-----------------------------------

-----------------------------------
Circuit Name: 733
Number of Nodes: 662
Max level : 9, 
Reconvergent nodes: 91/662 = 0.13746223564954682
Reconvergent area: 440/662 = 0.6646525679758308
-----------------------------------

-----------------------------------
Circuit Name: 734
Number of Nodes: 894
Max level : 9, 
Reconvergent nodes: 86/894 = 0.09619686800894854
Reconvergent area: 542/894 = 0.6062639821029083
-----------------------------------

-----------------------------------
Circuit Name: 735
Number of Nodes: 663
Max level : 9, 
Reconvergent nodes: 81/663 = 0.12217194570135746
Reconvergent area: 409/663 = 0.6168929110105581
-----------------------------------

-----------------------------------
Circuit Name: 736
Number of Nodes: 829
Max level : 10, 
Reconvergent nodes: 111/829 = 0.1338962605548854
Reconvergent area: 528/829 = 0.6369119420989143
-----------------------------------

-----------------------------------
Circuit Name: 737
Number of Nodes: 659
Max level : 9, 
Reconvergent nodes: 91/659 = 0.13808801213960548
Reconvergent area: 422/659 = 0.6403641881638846
-----------------------------------

-----------------------------------
Circuit Name: 738
Number of Nodes: 992
Max level : 10, 
Reconvergent nodes: 120/992 = 0.12096774193548387
Reconvergent area: 615/992 = 0.6199596774193549
-----------------------------------

-----------------------------------
Circuit Name: 739
Number of Nodes: 850
Max level : 11, 
Reconvergent nodes: 94/850 = 0.11058823529411765
Reconvergent area: 536/850 = 0.6305882352941177
-----------------------------------

-----------------------------------
Circuit Name: 740
Number of Nodes: 957
Max level : 10, 
Reconvergent nodes: 107/957 = 0.11180773249738767
Reconvergent area: 587/957 = 0.61337513061651
-----------------------------------

-----------------------------------
Circuit Name: 741
Number of Nodes: 964
Max level : 9, 
Reconvergent nodes: 117/964 = 0.12136929460580913
Reconvergent area: 662/964 = 0.6867219917012448
-----------------------------------

-----------------------------------
Circuit Name: 742
Number of Nodes: 801
Max level : 9, 
Reconvergent nodes: 89/801 = 0.1111111111111111
Reconvergent area: 490/801 = 0.6117353308364545
-----------------------------------

-----------------------------------
Circuit Name: 743
Number of Nodes: 992
Max level : 11, 
Reconvergent nodes: 127/992 = 0.1280241935483871
Reconvergent area: 650/992 = 0.655241935483871
-----------------------------------

-----------------------------------
Circuit Name: 744
Number of Nodes: 763
Max level : 10, 
Reconvergent nodes: 99/763 = 0.12975098296199214
Reconvergent area: 492/763 = 0.6448230668414154
-----------------------------------

-----------------------------------
Circuit Name: 745
Number of Nodes: 934
Max level : 10, 
Reconvergent nodes: 112/934 = 0.11991434689507495
Reconvergent area: 583/934 = 0.6241970021413277
-----------------------------------

-----------------------------------
Circuit Name: 746
Number of Nodes: 916
Max level : 9, 
Reconvergent nodes: 116/916 = 0.12663755458515283
Reconvergent area: 596/916 = 0.6506550218340611
-----------------------------------

-----------------------------------
Circuit Name: 747
Number of Nodes: 941
Max level : 9, 
Reconvergent nodes: 104/941 = 0.11052072263549416
Reconvergent area: 584/941 = 0.620616365568544
-----------------------------------

-----------------------------------
Circuit Name: 748
Number of Nodes: 941
Max level : 10, 
Reconvergent nodes: 116/941 = 0.12327311370882041
Reconvergent area: 588/941 = 0.6248671625929861
-----------------------------------

-----------------------------------
Circuit Name: 749
Number of Nodes: 917
Max level : 11, 
Reconvergent nodes: 117/917 = 0.12758996728462377
Reconvergent area: 648/917 = 0.7066521264994547
-----------------------------------

-----------------------------------
Circuit Name: 750
Number of Nodes: 718
Max level : 9, 
Reconvergent nodes: 92/718 = 0.12813370473537605
Reconvergent area: 446/718 = 0.6211699164345403
-----------------------------------

-----------------------------------
Circuit Name: 751
Number of Nodes: 935
Max level : 9, 
Reconvergent nodes: 107/935 = 0.1144385026737968
Reconvergent area: 587/935 = 0.627807486631016
-----------------------------------

-----------------------------------
Circuit Name: 752
Number of Nodes: 815
Max level : 10, 
Reconvergent nodes: 117/815 = 0.14355828220858896
Reconvergent area: 575/815 = 0.7055214723926381
-----------------------------------

-----------------------------------
Circuit Name: 753
Number of Nodes: 939
Max level : 10, 
Reconvergent nodes: 125/939 = 0.13312034078807242
Reconvergent area: 626/939 = 0.6666666666666666
-----------------------------------

-----------------------------------
Circuit Name: 754
Number of Nodes: 934
Max level : 11, 
Reconvergent nodes: 120/934 = 0.1284796573875803
Reconvergent area: 614/934 = 0.6573875802997858
-----------------------------------

-----------------------------------
Circuit Name: 755
Number of Nodes: 888
Max level : 9, 
Reconvergent nodes: 93/888 = 0.10472972972972973
Reconvergent area: 551/888 = 0.6204954954954955
-----------------------------------

-----------------------------------
Circuit Name: 756
Number of Nodes: 837
Max level : 9, 
Reconvergent nodes: 87/837 = 0.1039426523297491
Reconvergent area: 535/837 = 0.6391875746714456
-----------------------------------

-----------------------------------
Circuit Name: 757
Number of Nodes: 759
Max level : 10, 
Reconvergent nodes: 99/759 = 0.13043478260869565
Reconvergent area: 495/759 = 0.6521739130434783
-----------------------------------

-----------------------------------
Circuit Name: 758
Number of Nodes: 950
Max level : 9, 
Reconvergent nodes: 117/950 = 0.1231578947368421
Reconvergent area: 588/950 = 0.6189473684210526
-----------------------------------

-----------------------------------
Circuit Name: 759
Number of Nodes: 910
Max level : 9, 
Reconvergent nodes: 109/910 = 0.11978021978021978
Reconvergent area: 623/910 = 0.6846153846153846
-----------------------------------

-----------------------------------
Circuit Name: 760
Number of Nodes: 956
Max level : 10, 
Reconvergent nodes: 107/956 = 0.11192468619246862
Reconvergent area: 591/956 = 0.6182008368200836
-----------------------------------

-----------------------------------
Circuit Name: 761
Number of Nodes: 935
Max level : 10, 
Reconvergent nodes: 118/935 = 0.12620320855614972
Reconvergent area: 603/935 = 0.6449197860962567
-----------------------------------

-----------------------------------
Circuit Name: 762
Number of Nodes: 981
Max level : 10, 
Reconvergent nodes: 112/981 = 0.11416921508664628
Reconvergent area: 604/981 = 0.6156982670744139
-----------------------------------

-----------------------------------
Circuit Name: 763
Number of Nodes: 899
Max level : 10, 
Reconvergent nodes: 103/899 = 0.11457174638487208
Reconvergent area: 579/899 = 0.6440489432703004
-----------------------------------

-----------------------------------
Circuit Name: 764
Number of Nodes: 823
Max level : 9, 
Reconvergent nodes: 87/823 = 0.10571081409477522
Reconvergent area: 526/823 = 0.6391251518833536
-----------------------------------

-----------------------------------
Circuit Name: 765
Number of Nodes: 999
Max level : 10, 
Reconvergent nodes: 116/999 = 0.11611611611611612
Reconvergent area: 629/999 = 0.6296296296296297
-----------------------------------

-----------------------------------
Circuit Name: 766
Number of Nodes: 950
Max level : 10, 
Reconvergent nodes: 116/950 = 0.12210526315789473
Reconvergent area: 574/950 = 0.6042105263157894
-----------------------------------

-----------------------------------
Circuit Name: 767
Number of Nodes: 901
Max level : 11, 
Reconvergent nodes: 107/901 = 0.11875693673695893
Reconvergent area: 562/901 = 0.6237513873473918
-----------------------------------

-----------------------------------
Circuit Name: 768
Number of Nodes: 972
Max level : 9, 
Reconvergent nodes: 117/972 = 0.12037037037037036
Reconvergent area: 635/972 = 0.6532921810699589
-----------------------------------

-----------------------------------
Circuit Name: 769
Number of Nodes: 841
Max level : 9, 
Reconvergent nodes: 102/841 = 0.12128418549346016
Reconvergent area: 533/841 = 0.633769322235434
-----------------------------------

-----------------------------------
Circuit Name: 770
Number of Nodes: 798
Max level : 12, 
Reconvergent nodes: 102/798 = 0.12781954887218044
Reconvergent area: 554/798 = 0.6942355889724311
-----------------------------------

-----------------------------------
Circuit Name: 771
Number of Nodes: 973
Max level : 10, 
Reconvergent nodes: 128/973 = 0.131551901336074
Reconvergent area: 587/973 = 0.6032887975334018
-----------------------------------

-----------------------------------
Circuit Name: 772
Number of Nodes: 962
Max level : 11, 
Reconvergent nodes: 124/962 = 0.1288981288981289
Reconvergent area: 616/962 = 0.6403326403326404
-----------------------------------

-----------------------------------
Circuit Name: 773
Number of Nodes: 897
Max level : 9, 
Reconvergent nodes: 110/897 = 0.12263099219620958
Reconvergent area: 575/897 = 0.6410256410256411
-----------------------------------

-----------------------------------
Circuit Name: 774
Number of Nodes: 801
Max level : 9, 
Reconvergent nodes: 115/801 = 0.14357053682896379
Reconvergent area: 562/801 = 0.7016229712858927
-----------------------------------

-----------------------------------
Circuit Name: 775
Number of Nodes: 922
Max level : 10, 
Reconvergent nodes: 101/922 = 0.10954446854663774
Reconvergent area: 562/922 = 0.6095444685466378
-----------------------------------

-----------------------------------
Circuit Name: 776
Number of Nodes: 993
Max level : 11, 
Reconvergent nodes: 128/993 = 0.12890231621349446
Reconvergent area: 617/993 = 0.62134944612286
-----------------------------------

-----------------------------------
Circuit Name: 777
Number of Nodes: 892
Max level : 10, 
Reconvergent nodes: 122/892 = 0.1367713004484305
Reconvergent area: 581/892 = 0.6513452914798207
-----------------------------------

-----------------------------------
Circuit Name: 778
Number of Nodes: 982
Max level : 9, 
Reconvergent nodes: 109/982 = 0.1109979633401222
Reconvergent area: 619/982 = 0.630346232179226
-----------------------------------

-----------------------------------
Circuit Name: 779
Number of Nodes: 904
Max level : 9, 
Reconvergent nodes: 93/904 = 0.10287610619469026
Reconvergent area: 555/904 = 0.6139380530973452
-----------------------------------

-----------------------------------
Circuit Name: 780
Number of Nodes: 986
Max level : 9, 
Reconvergent nodes: 107/986 = 0.10851926977687627
Reconvergent area: 647/986 = 0.6561866125760649
-----------------------------------

-----------------------------------
Circuit Name: 781
Number of Nodes: 999
Max level : 10, 
Reconvergent nodes: 115/999 = 0.11511511511511512
Reconvergent area: 646/999 = 0.6466466466466466
-----------------------------------

-----------------------------------
Circuit Name: 782
Number of Nodes: 768
Max level : 10, 
Reconvergent nodes: 95/768 = 0.12369791666666667
Reconvergent area: 489/768 = 0.63671875
-----------------------------------

-----------------------------------
Circuit Name: 783
Number of Nodes: 972
Max level : 9, 
Reconvergent nodes: 122/972 = 0.12551440329218108
Reconvergent area: 666/972 = 0.6851851851851852
-----------------------------------

-----------------------------------
Circuit Name: 784
Number of Nodes: 947
Max level : 10, 
Reconvergent nodes: 121/947 = 0.12777191129883844
Reconvergent area: 621/947 = 0.6557550158394931
-----------------------------------

-----------------------------------
Circuit Name: 785
Number of Nodes: 949
Max level : 13, 
Reconvergent nodes: 117/949 = 0.1232876712328767
Reconvergent area: 592/949 = 0.6238145416227608
-----------------------------------

-----------------------------------
Circuit Name: 786
Number of Nodes: 925
Max level : 11, 
Reconvergent nodes: 126/925 = 0.1362162162162162
Reconvergent area: 643/925 = 0.6951351351351351
-----------------------------------

-----------------------------------
Circuit Name: 787
Number of Nodes: 847
Max level : 10, 
Reconvergent nodes: 103/847 = 0.12160566706021252
Reconvergent area: 531/847 = 0.6269185360094451
-----------------------------------

-----------------------------------
Circuit Name: 788
Number of Nodes: 984
Max level : 9, 
Reconvergent nodes: 120/984 = 0.12195121951219512
Reconvergent area: 647/984 = 0.657520325203252
-----------------------------------

-----------------------------------
Circuit Name: 789
Number of Nodes: 967
Max level : 9, 
Reconvergent nodes: 139/967 = 0.1437435367114788
Reconvergent area: 664/967 = 0.6866597724922441
-----------------------------------

-----------------------------------
Circuit Name: 790
Number of Nodes: 565
Max level : 9, 
Reconvergent nodes: 69/565 = 0.12212389380530973
Reconvergent area: 344/565 = 0.6088495575221239
-----------------------------------

-----------------------------------
Circuit Name: 791
Number of Nodes: 993
Max level : 9, 
Reconvergent nodes: 112/993 = 0.11278952668680765
Reconvergent area: 642/993 = 0.6465256797583081
-----------------------------------

-----------------------------------
Circuit Name: 792
Number of Nodes: 924
Max level : 11, 
Reconvergent nodes: 130/924 = 0.1406926406926407
Reconvergent area: 641/924 = 0.6937229437229437
-----------------------------------

-----------------------------------
Circuit Name: 793
Number of Nodes: 874
Max level : 9, 
Reconvergent nodes: 108/874 = 0.12356979405034325
Reconvergent area: 561/874 = 0.6418764302059496
-----------------------------------

-----------------------------------
Circuit Name: 794
Number of Nodes: 861
Max level : 9, 
Reconvergent nodes: 107/861 = 0.12427409988385599
Reconvergent area: 532/861 = 0.6178861788617886
-----------------------------------

-----------------------------------
Circuit Name: 795
Number of Nodes: 882
Max level : 9, 
Reconvergent nodes: 96/882 = 0.10884353741496598
Reconvergent area: 556/882 = 0.6303854875283447
-----------------------------------

-----------------------------------
Circuit Name: 796
Number of Nodes: 953
Max level : 9, 
Reconvergent nodes: 113/953 = 0.11857292759706191
Reconvergent area: 629/953 = 0.6600209863588667
-----------------------------------

-----------------------------------
Circuit Name: 797
Number of Nodes: 992
Max level : 10, 
Reconvergent nodes: 119/992 = 0.11995967741935484
Reconvergent area: 670/992 = 0.6754032258064516
-----------------------------------

-----------------------------------
Circuit Name: 798
Number of Nodes: 934
Max level : 11, 
Reconvergent nodes: 111/934 = 0.11884368308351177
Reconvergent area: 575/934 = 0.6156316916488223
-----------------------------------

-----------------------------------
Circuit Name: 799
Number of Nodes: 814
Max level : 9, 
Reconvergent nodes: 102/814 = 0.12530712530712532
Reconvergent area: 517/814 = 0.6351351351351351
-----------------------------------

